{"synthetic": false,
 "schemaVersion": "2025-09-10",
 "outputs":
 {"o": ["6884fd6fffcb5c79.olean"],
  "i": "141663ce194c803d.ilean",
  "c": "78f177bfd472d28d.c"},
 "log":
 [{"message":
   ".> LEAN_PATH=/home/jtr/sidfinity/src/formal/.lake/build/lib/lean /home/jtr/.elan/toolchains/leanprover--lean4---v4.29.1/bin/lean /home/jtr/sidfinity/src/formal/Codegen.lean -o /home/jtr/sidfinity/src/formal/.lake/build/lib/lean/Codegen.olean -i /home/jtr/sidfinity/src/formal/.lake/build/lib/lean/Codegen.ilean -c /home/jtr/sidfinity/src/formal/.lake/build/ir/Codegen.c --setup /home/jtr/sidfinity/src/formal/.lake/build/ir/Codegen.setup.json --json",
   "level": "trace"},
  {"message":
   "Codegen.lean:168:41: unused variable `song`\n\nNote: This linter can be disabled with `set_option linter.unusedVariables false`",
   "level": "warning"},
  {"message":
   "Codegen.lean:216:6: unused variable `h`\n\nNote: This linter can be disabled with `set_option linter.unusedVariables false`",
   "level": "warning"},
  {"message":
   "Codegen.lean:785:31: unused variable `debug`\n\nNote: This linter can be disabled with `set_option linter.unusedVariables false`",
   "level": "warning"}],
 "inputs":
 [["Codegen:deps",
   [["deps",
     [["dasmodel/DasModel:extraDep",
       [["@dasmodel:extraDep", "00000000000006bb"]]],
      ["imports",
       [["SID transitive imports (legacy)", "00000000000006bb"],
        ["SID:importAllArts", "af55aa997d4c81e4"],
        ["Asm6502 transitive imports (legacy)", "00000000000006bb"],
        ["Asm6502:importAllArts", "049683771cc5f05c"],
        ["PSIDFile transitive imports (legacy)", "ca9a5585364dba10"],
        ["PSIDFile:importAllArts", "2443484f58bb7d75"],
        ["Compile transitive imports (legacy)", "f09924b9cc2972b0"],
        ["Compile:importAllArts", "cdf902c20166a609"],
        ["CommandoData transitive imports (legacy)", "185a74cf91c62724"],
        ["CommandoData:importAllArts", "afa9132de8f03903"]]]]],
    ["libs",
     [["import dynlibs", "00000000000006bb"],
      ["package external libraries", "00000000000006bb"],
      ["module dynlibs", "00000000000006bb"],
      ["module plugins", "00000000000006bb"]]]]],
  ["Lean 4.29.1, commit f72c35b3f637c8c6571d353742168ab66cc22c00",
   "fa77a35a41db35c0"],
  ["/home/jtr/sidfinity/src/formal/Codegen.lean", "80b4f92ddab1f56c"],
  ["options", [["-DautoImplicit=false", "4a85acb881fd49d0"]]],
  ["isModule: false", "feefd2a0d3a1847e"],
  ["Module.name: Codegen", "29af30d71825d186"],
  ["Package.id?: (some dasmodel)", "3436f0ec7352345a"],
  ["Module.leanArgs: #[]", "00000000000006bb"]],
 "depHash": "95bb333bca8ebfb0"}