{"synthetic": false,
 "schemaVersion": "2025-09-10",
 "outputs":
 {"o": ["4285e0c536d7ef79.olean"],
  "i": "9da3d13054dbb6d0.ilean",
  "c": "4975cebd8344dc06.c"},
 "log":
 [{"message":
   ".> LEAN_PATH=/home/jtr/sidfinity/src/formal/.lake/build/lib/lean /home/jtr/.elan/toolchains/leanprover--lean4---v4.29.1/bin/lean /home/jtr/sidfinity/src/formal/CommandoData.lean -o /home/jtr/sidfinity/src/formal/.lake/build/lib/lean/CommandoData.olean -i /home/jtr/sidfinity/src/formal/.lake/build/lib/lean/CommandoData.ilean -c /home/jtr/sidfinity/src/formal/.lake/build/ir/CommandoData.c --setup /home/jtr/sidfinity/src/formal/.lake/build/ir/CommandoData.setup.json --json",
   "level": "trace"}],
 "inputs":
 [["CommandoData:deps",
   [["deps",
     [["dasmodel/DasModel:extraDep",
       [["@dasmodel:extraDep", "00000000000006bb"]]],
      ["imports",
       [["SID transitive imports (legacy)", "00000000000006bb"],
        ["SID:importAllArts", "af55aa997d4c81e4"],
        ["Compile transitive imports (legacy)", "f09924b9cc2972b0"],
        ["Compile:importAllArts", "cdf902c20166a609"]]]]],
    ["libs",
     [["import dynlibs", "00000000000006bb"],
      ["package external libraries", "00000000000006bb"],
      ["module dynlibs", "00000000000006bb"],
      ["module plugins", "00000000000006bb"]]]]],
  ["Lean 4.29.1, commit f72c35b3f637c8c6571d353742168ab66cc22c00",
   "fa77a35a41db35c0"],
  ["/home/jtr/sidfinity/src/formal/CommandoData.lean", "c97f17a90b497652"],
  ["options", [["-DautoImplicit=false", "4a85acb881fd49d0"]]],
  ["isModule: false", "feefd2a0d3a1847e"],
  ["Module.name: CommandoData", "7af2a3458b84e03c"],
  ["Package.id?: (some dasmodel)", "3436f0ec7352345a"],
  ["Module.leanArgs: #[]", "00000000000006bb"]],
 "depHash": "93a5ced68238ba22"}