{"synthetic": false,
 "schemaVersion": "2025-09-10",
 "outputs":
 {"o": ["87b48ffa0e27ccc5.olean"],
  "i": "7aae8eb68c644bda.ilean",
  "c": "564ef1a2a47a4a5b.c"},
 "log":
 [{"message":
   ".> LEAN_PATH=/home/jtr/sidfinity/src/formal/.lake/build/lib/lean /home/jtr/.elan/toolchains/leanprover--lean4---v4.29.1/bin/lean /home/jtr/sidfinity/src/formal/Compile.lean -o /home/jtr/sidfinity/src/formal/.lake/build/lib/lean/Compile.olean -i /home/jtr/sidfinity/src/formal/.lake/build/lib/lean/Compile.ilean -c /home/jtr/sidfinity/src/formal/.lake/build/ir/Compile.c --setup /home/jtr/sidfinity/src/formal/.lake/build/ir/Compile.setup.json --json",
   "level": "trace"},
  {"message": "Compile.lean:9:4: declaration uses `sorry`", "level": "warning"},
  {"message": "Compile.lean:12:4: declaration uses `sorry`",
   "level": "warning"}],
 "inputs":
 [["Compile:deps",
   [["deps",
     [["dasmodel/DasModel:extraDep",
       [["@dasmodel:extraDep", "00000000000006bb"]]],
      ["imports",
       [["SID transitive imports (legacy)", "00000000000006bb"],
        ["SID:importAllArts", "9128f4f5b27dc490"],
        ["State transitive imports (legacy)", "13f7528f997184ad"],
        ["State:importAllArts", "9cd12e1d50e7c234"],
        ["Effects transitive imports (legacy)", "1bb6d28898a510a6"],
        ["Effects:importAllArts", "4495064ed44ef581"]]]]],
    ["libs",
     [["import dynlibs", "00000000000006bb"],
      ["package external libraries", "00000000000006bb"],
      ["module dynlibs", "00000000000006bb"],
      ["module plugins", "00000000000006bb"]]]]],
  ["Lean 4.29.1, commit f72c35b3f637c8c6571d353742168ab66cc22c00",
   "fa77a35a41db35c0"],
  ["/home/jtr/sidfinity/src/formal/Compile.lean", "50f50c9d57cb8ead"],
  ["options", [["-DautoImplicit=false", "4a85acb881fd49d0"]]],
  ["isModule: false", "feefd2a0d3a1847e"],
  ["Module.name: Compile", "67fe33a79e43a639"],
  ["Package.id?: (some dasmodel)", "3436f0ec7352345a"],
  ["Module.leanArgs: #[]", "00000000000006bb"]],
 "depHash": "504ff4c02356cf79"}