{"synthetic": false,
 "schemaVersion": "2025-09-10",
 "outputs":
 {"o": ["22b67f96fc7b1329.olean"],
  "i": "0136328161f8d96b.ilean",
  "c": "e5798d103891f2c8.c"},
 "log":
 [{"message":
   ".> LEAN_PATH=/home/jtr/sidfinity/src/formal/.lake/build/lib/lean /home/jtr/.elan/toolchains/leanprover--lean4---v4.29.1/bin/lean /home/jtr/sidfinity/src/formal/CPU6502.lean -o /home/jtr/sidfinity/src/formal/.lake/build/lib/lean/CPU6502.olean -i /home/jtr/sidfinity/src/formal/.lake/build/lib/lean/CPU6502.ilean -c /home/jtr/sidfinity/src/formal/.lake/build/ir/CPU6502.c --setup /home/jtr/sidfinity/src/formal/.lake/build/ir/CPU6502.setup.json --json",
   "level": "trace"}],
 "inputs":
 [["CPU6502:deps",
   [["deps",
     [["dasmodel/DasModel:extraDep",
       [["@dasmodel:extraDep", "00000000000006bb"]]],
      ["imports",
       [["SID transitive imports (legacy)", "00000000000006bb"],
        ["SID:importAllArts", "af55aa997d4c81e4"]]]]],
    ["libs",
     [["import dynlibs", "00000000000006bb"],
      ["package external libraries", "00000000000006bb"],
      ["module dynlibs", "00000000000006bb"],
      ["module plugins", "00000000000006bb"]]]]],
  ["Lean 4.29.1, commit f72c35b3f637c8c6571d353742168ab66cc22c00",
   "fa77a35a41db35c0"],
  ["/home/jtr/sidfinity/src/formal/CPU6502.lean", "dd43d9768129a14b"],
  ["options", [["-DautoImplicit=false", "4a85acb881fd49d0"]]],
  ["isModule: false", "feefd2a0d3a1847e"],
  ["Module.name: CPU6502", "d63eb570d84a3105"],
  ["Package.id?: (some dasmodel)", "3436f0ec7352345a"],
  ["Module.leanArgs: #[]", "00000000000006bb"]],
 "depHash": "1de99e07ca8db265"}