{"synthetic": false,
 "schemaVersion": "2025-09-10",
 "outputs":
 {"o": ["97807bb5d3c701cc.olean"],
  "i": "644349e150f55fdf.ilean",
  "c": "ca24168c620ce3e5.c"},
 "log":
 [{"message":
   ".> LEAN_PATH=/home/jtr/sidfinity/src/formal/.lake/build/lib/lean /home/jtr/.elan/toolchains/leanprover--lean4---v4.29.1/bin/lean /home/jtr/sidfinity/src/formal/Effects.lean -o /home/jtr/sidfinity/src/formal/.lake/build/lib/lean/Effects.olean -i /home/jtr/sidfinity/src/formal/.lake/build/lib/lean/Effects.ilean -c /home/jtr/sidfinity/src/formal/.lake/build/ir/Effects.c --setup /home/jtr/sidfinity/src/formal/.lake/build/ir/Effects.setup.json --json",
   "level": "trace"}],
 "inputs":
 [["Effects:deps",
   [["deps",
     [["dasmodel/DasModel:extraDep",
       [["@dasmodel:extraDep", "00000000000006bb"]]],
      ["imports",
       [["SID transitive imports (legacy)", "00000000000006bb"],
        ["SID:importAllArts", "afe4fa214e3ceb8a"],
        ["State transitive imports (legacy)", "cd79164ddc98b1c0"],
        ["State:importAllArts", "9cd12e1d50e7c234"]]]]],
    ["libs",
     [["import dynlibs", "00000000000006bb"],
      ["package external libraries", "00000000000006bb"],
      ["module dynlibs", "00000000000006bb"],
      ["module plugins", "00000000000006bb"]]]]],
  ["Lean 4.29.1, commit f72c35b3f637c8c6571d353742168ab66cc22c00",
   "fa77a35a41db35c0"],
  ["/home/jtr/sidfinity/src/formal/Effects.lean", "4bedca674073dd57"],
  ["options", [["-DautoImplicit=false", "4a85acb881fd49d0"]]],
  ["isModule: false", "feefd2a0d3a1847e"],
  ["Module.name: Effects", "8fab871f6cddeee0"],
  ["Package.id?: (some dasmodel)", "3436f0ec7352345a"],
  ["Module.leanArgs: #[]", "00000000000006bb"]],
 "depHash": "3c3f7fdfea76dde8"}