{"synthetic": false,
 "schemaVersion": "2025-09-10",
 "outputs":
 {"o": ["f44bcce174f5e225.olean"],
  "i": "527bd4e23e0b1fbe.ilean",
  "c": "af3dacdc4d39d858.c"},
 "log":
 [{"message":
   ".> LEAN_PATH=/home/jtr/sidfinity/src/formal/.lake/build/lib/lean /home/jtr/.elan/toolchains/leanprover--lean4---v4.29.1/bin/lean /home/jtr/sidfinity/src/formal/Main.lean -o /home/jtr/sidfinity/src/formal/.lake/build/lib/lean/Main.olean -i /home/jtr/sidfinity/src/formal/.lake/build/lib/lean/Main.ilean -c /home/jtr/sidfinity/src/formal/.lake/build/ir/Main.c --setup /home/jtr/sidfinity/src/formal/.lake/build/ir/Main.setup.json --json",
   "level": "trace"}],
 "inputs":
 [["Main:deps",
   [["deps",
     [["dasmodel/dasmodel:extraDep",
       [["@dasmodel:extraDep", "00000000000006bb"]]],
      ["imports",
       [["SID transitive imports (legacy)", "00000000000006bb"],
        ["SID:importAllArts", "b3d8546f35228907"],
        ["State transitive imports (legacy)", "67032454345c2498"],
        ["State:importAllArts", "9cd12e1d50e7c234"],
        ["Effects transitive imports (legacy)", "d0f612aecb5c97f4"],
        ["Effects:importAllArts", "0d6fcf1d7f466232"],
        ["Compile transitive imports (legacy)", "4665b9d544ce2fca"],
        ["Compile:importAllArts", "72ecaace51f9ee14"]]]]],
    ["libs",
     [["import dynlibs", "00000000000006bb"],
      ["package external libraries", "00000000000006bb"],
      ["module dynlibs", "00000000000006bb"],
      ["module plugins", "00000000000006bb"]]]]],
  ["Lean 4.29.1, commit f72c35b3f637c8c6571d353742168ab66cc22c00",
   "fa77a35a41db35c0"],
  ["/home/jtr/sidfinity/src/formal/Main.lean", "c9d909ad7b8c322f"],
  ["options", [["-DautoImplicit=false", "4a85acb881fd49d0"]]],
  ["isModule: false", "feefd2a0d3a1847e"],
  ["Module.name: Main", "f2a1fd945cf30c62"],
  ["Package.id?: (some dasmodel)", "3436f0ec7352345a"],
  ["Module.leanArgs: #[]", "00000000000006bb"]],
 "depHash": "acf0586de37dba97"}