{"synthetic": false,
 "schemaVersion": "2025-09-10",
 "outputs":
 {"o": ["8379053e9fa12c64.olean"],
  "i": "f54654e069a84a7b.ilean",
  "c": "f151f66d950874f4.c"},
 "log":
 [{"message":
   ".> LEAN_PATH=/home/jtr/sidfinity/src/formal/.lake/build/lib/lean /home/jtr/.elan/toolchains/leanprover--lean4---v4.29.1/bin/lean /home/jtr/sidfinity/src/formal/Properties.lean -o /home/jtr/sidfinity/src/formal/.lake/build/lib/lean/Properties.olean -i /home/jtr/sidfinity/src/formal/.lake/build/lib/lean/Properties.ilean -c /home/jtr/sidfinity/src/formal/.lake/build/ir/Properties.c --setup /home/jtr/sidfinity/src/formal/.lake/build/ir/Properties.setup.json --json",
   "level": "trace"},
  {"message": "Properties.lean:33:8: declaration uses `sorry`",
   "level": "warning"},
  {"message": "Properties.lean:58:8: declaration uses `sorry`",
   "level": "warning"},
  {"message": "Properties.lean:73:8: declaration uses `sorry`",
   "level": "warning"},
  {"message": "Properties.lean:83:8: declaration uses `sorry`",
   "level": "warning"},
  {"message": "Properties.lean:102:8: declaration uses `sorry`",
   "level": "warning"},
  {"message": "Properties.lean:110:8: declaration uses `sorry`",
   "level": "warning"}],
 "inputs":
 [["Properties:deps",
   [["deps",
     [["dasmodel/DasModel:extraDep",
       [["@dasmodel:extraDep", "00000000000006bb"]]],
      ["imports",
       [["SID transitive imports (legacy)", "00000000000006bb"],
        ["SID:importAllArts", "af55aa997d4c81e4"],
        ["State transitive imports (legacy)", "40049f76b4dae96c"],
        ["State:importAllArts", "1b5070adc1ae58d4"],
        ["Effects transitive imports (legacy)", "640e805890f0c23f"],
        ["Effects:importAllArts", "6e784bc6687392e9"],
        ["Compile transitive imports (legacy)", "f09924b9cc2972b0"],
        ["Compile:importAllArts", "cdf902c20166a609"]]]]],
    ["libs",
     [["import dynlibs", "00000000000006bb"],
      ["package external libraries", "00000000000006bb"],
      ["module dynlibs", "00000000000006bb"],
      ["module plugins", "00000000000006bb"]]]]],
  ["Lean 4.29.1, commit f72c35b3f637c8c6571d353742168ab66cc22c00",
   "fa77a35a41db35c0"],
  ["/home/jtr/sidfinity/src/formal/Properties.lean", "029f5aa82c63562b"],
  ["options", [["-DautoImplicit=false", "4a85acb881fd49d0"]]],
  ["isModule: false", "feefd2a0d3a1847e"],
  ["Module.name: Properties", "62d2a8c34c51d7c7"],
  ["Package.id?: (some dasmodel)", "3436f0ec7352345a"],
  ["Module.leanArgs: #[]", "00000000000006bb"]],
 "depHash": "b7e6619cc752001e"}