{"synthetic": false,
 "schemaVersion": "2025-09-10",
 "outputs":
 {"o": ["56d959fd4c25335d.olean"],
  "i": "4800199a8735c1c8.ilean",
  "c": "b51abfaf2b6aa498.c"},
 "log":
 [{"message":
   ".> LEAN_PATH=/home/jtr/sidfinity/src/formal/.lake/build/lib/lean /home/jtr/.elan/toolchains/leanprover--lean4---v4.29.1/bin/lean /home/jtr/sidfinity/src/formal/PSIDFile.lean -o /home/jtr/sidfinity/src/formal/.lake/build/lib/lean/PSIDFile.olean -i /home/jtr/sidfinity/src/formal/.lake/build/lib/lean/PSIDFile.ilean -c /home/jtr/sidfinity/src/formal/.lake/build/ir/PSIDFile.c --setup /home/jtr/sidfinity/src/formal/.lake/build/ir/PSIDFile.setup.json --json",
   "level": "trace"}],
 "inputs":
 [["PSIDFile:deps",
   [["deps",
     [["dasmodel/DasModel:extraDep",
       [["@dasmodel:extraDep", "00000000000006bb"]]],
      ["imports",
       [["Asm6502 transitive imports (legacy)", "00000000000006bb"],
        ["Asm6502:importAllArts", "049683771cc5f05c"]]]]],
    ["libs",
     [["import dynlibs", "00000000000006bb"],
      ["package external libraries", "00000000000006bb"],
      ["module dynlibs", "00000000000006bb"],
      ["module plugins", "00000000000006bb"]]]]],
  ["Lean 4.29.1, commit f72c35b3f637c8c6571d353742168ab66cc22c00",
   "fa77a35a41db35c0"],
  ["/home/jtr/sidfinity/src/formal/PSIDFile.lean", "44913c0733a5eacc"],
  ["options", [["-DautoImplicit=false", "4a85acb881fd49d0"]]],
  ["isModule: false", "feefd2a0d3a1847e"],
  ["Module.name: PSIDFile", "f09039cfb9dd762f"],
  ["Package.id?: (some dasmodel)", "3436f0ec7352345a"],
  ["Module.leanArgs: #[]", "00000000000006bb"]],
 "depHash": "6bf92ea174fe805d"}