{"synthetic": false,
 "schemaVersion": "2025-09-10",
 "outputs":
 {"o": ["706eb10e854b2aff.olean"],
  "i": "91a442cccb1a5602.ilean",
  "c": "9e5512ff7796c266.c"},
 "log":
 [{"message":
   ".> LEAN_PATH=/home/jtr/sidfinity/src/formal/.lake/build/lib/lean /home/jtr/.elan/toolchains/leanprover--lean4---v4.29.1/bin/lean /home/jtr/sidfinity/src/formal/SidgenMain.lean -o /home/jtr/sidfinity/src/formal/.lake/build/lib/lean/SidgenMain.olean -i /home/jtr/sidfinity/src/formal/.lake/build/lib/lean/SidgenMain.ilean -c /home/jtr/sidfinity/src/formal/.lake/build/ir/SidgenMain.c --setup /home/jtr/sidfinity/src/formal/.lake/build/ir/SidgenMain.setup.json --json",
   "level": "trace"}],
 "inputs":
 [["SidgenMain:deps",
   [["deps",
     [["dasmodel/sidgen:extraDep",
       [["@dasmodel:extraDep", "00000000000006bb"]]],
      ["imports",
       [["Codegen transitive imports (legacy)", "70dfaf9516f6d610"],
        ["Codegen:importAllArts", "5d431b85ff25f862"]]]]],
    ["libs",
     [["import dynlibs", "00000000000006bb"],
      ["package external libraries", "00000000000006bb"],
      ["module dynlibs", "00000000000006bb"],
      ["module plugins", "00000000000006bb"]]]]],
  ["Lean 4.29.1, commit f72c35b3f637c8c6571d353742168ab66cc22c00",
   "fa77a35a41db35c0"],
  ["/home/jtr/sidfinity/src/formal/SidgenMain.lean", "a94ace18586fdb5c"],
  ["options", [["-DautoImplicit=false", "4a85acb881fd49d0"]]],
  ["isModule: false", "feefd2a0d3a1847e"],
  ["Module.name: SidgenMain", "ad0453ada9bc2c90"],
  ["Package.id?: (some dasmodel)", "3436f0ec7352345a"],
  ["Module.leanArgs: #[]", "00000000000006bb"]],
 "depHash": "e146a60be4b01e5d"}