{"synthetic": false,
 "schemaVersion": "2025-09-10",
 "outputs":
 {"o": ["7bee69e11aaf334a.olean"],
  "i": "805c29c1f0da6c64.ilean",
  "c": "fef450e805b33483.c"},
 "log":
 [{"message":
   ".> LEAN_PATH=/home/jtr/sidfinity/src/formal/.lake/build/lib/lean /home/jtr/.elan/toolchains/leanprover--lean4---v4.29.1/bin/lean /home/jtr/sidfinity/src/formal/State.lean -o /home/jtr/sidfinity/src/formal/.lake/build/lib/lean/State.olean -i /home/jtr/sidfinity/src/formal/.lake/build/lib/lean/State.ilean -c /home/jtr/sidfinity/src/formal/.lake/build/ir/State.c --setup /home/jtr/sidfinity/src/formal/.lake/build/ir/State.setup.json --json",
   "level": "trace"}],
 "inputs":
 [["State:deps",
   [["deps",
     [["dasmodel/DasModel:extraDep",
       [["@dasmodel:extraDep", "00000000000006bb"]]],
      ["imports",
       [["SID transitive imports (legacy)", "00000000000006bb"],
        ["SID:importAllArts", "af55aa997d4c81e4"]]]]],
    ["libs",
     [["import dynlibs", "00000000000006bb"],
      ["package external libraries", "00000000000006bb"],
      ["module dynlibs", "00000000000006bb"],
      ["module plugins", "00000000000006bb"]]]]],
  ["Lean 4.29.1, commit f72c35b3f637c8c6571d353742168ab66cc22c00",
   "fa77a35a41db35c0"],
  ["/home/jtr/sidfinity/src/formal/State.lean", "c23741afb01224b3"],
  ["options", [["-DautoImplicit=false", "4a85acb881fd49d0"]]],
  ["isModule: false", "feefd2a0d3a1847e"],
  ["Module.name: State", "48b091d848266f00"],
  ["Package.id?: (some dasmodel)", "3436f0ec7352345a"],
  ["Module.leanArgs: #[]", "00000000000006bb"]],
 "depHash": "9bb64057e9ec1e25"}