{"synthetic": false,
 "schemaVersion": "2025-09-10",
 "outputs":
 {"o": ["db563257668090e8.olean"],
  "i": "8299755ca792872e.ilean",
  "c": "422e0870221f5dfd.c"},
 "log":
 [{"message":
   ".> LEAN_PATH=/home/jtr/sidfinity/src/formal/.lake/build/lib/lean /home/jtr/.elan/toolchains/leanprover--lean4---v4.29.1/bin/lean /home/jtr/sidfinity/src/formal/VerifyMain.lean -o /home/jtr/sidfinity/src/formal/.lake/build/lib/lean/VerifyMain.olean -i /home/jtr/sidfinity/src/formal/.lake/build/lib/lean/VerifyMain.ilean -c /home/jtr/sidfinity/src/formal/.lake/build/ir/VerifyMain.c --setup /home/jtr/sidfinity/src/formal/.lake/build/ir/VerifyMain.setup.json --json",
   "level": "trace"}],
 "inputs":
 [["VerifyMain:deps",
   [["deps",
     [["dasmodel/verify6502:extraDep",
       [["@dasmodel:extraDep", "00000000000006bb"]]],
      ["imports",
       [["CPU6502 transitive imports (legacy)", "40049f76b4dae96c"],
        ["CPU6502:importAllArts", "38c4f693c9023d76"],
        ["Codegen transitive imports (legacy)", "70dfaf9516f6d610"],
        ["Codegen:importAllArts", "adbd2b3176223771"]]]]],
    ["libs",
     [["import dynlibs", "00000000000006bb"],
      ["package external libraries", "00000000000006bb"],
      ["module dynlibs", "00000000000006bb"],
      ["module plugins", "00000000000006bb"]]]]],
  ["Lean 4.29.1, commit f72c35b3f637c8c6571d353742168ab66cc22c00",
   "fa77a35a41db35c0"],
  ["/home/jtr/sidfinity/src/formal/VerifyMain.lean", "cd455b27d66b92fc"],
  ["options", [["-DautoImplicit=false", "4a85acb881fd49d0"]]],
  ["isModule: false", "feefd2a0d3a1847e"],
  ["Module.name: VerifyMain", "2e3c67d27f01aaa4"],
  ["Package.id?: (some dasmodel)", "3436f0ec7352345a"],
  ["Module.leanArgs: #[]", "00000000000006bb"]],
 "depHash": "5dfbced52d914973"}