{"synthetic": false,
 "schemaVersion": "2025-09-10",
 "outputs": "c10dc69551b11cda",
 "log":
 [{"message":
   ".> /home/jtr/.elan/toolchains/leanprover--lean4---v4.29.1/bin/clang -o /home/jtr/sidfinity/src/formal/.lake/build/bin/commando /home/jtr/sidfinity/src/formal/.lake/build/ir/CommandoData.c.o.export /home/jtr/sidfinity/src/formal/.lake/build/ir/SID.c.o.export /home/jtr/sidfinity/src/formal/.lake/build/ir/State.c.o.export /home/jtr/sidfinity/src/formal/.lake/build/ir/Effects.c.o.export /home/jtr/sidfinity/src/formal/.lake/build/ir/Compile.c.o.export -L /home/jtr/.elan/toolchains/leanprover--lean4---v4.29.1/lib/lean --sysroot /home/jtr/.elan/toolchains/leanprover--lean4---v4.29.1 -L /home/jtr/.elan/toolchains/leanprover--lean4---v4.29.1/lib -L /home/jtr/.elan/toolchains/leanprover--lean4---v4.29.1/lib/glibc -lc -lc_nonshared -Wl,--as-needed -l:ld.so -Wl,--no-as-needed -lpthread_nonshared -Wl,--as-needed -Wl,-Bstatic -lgmp -lunwind -luv -Wl,-Bdynamic -Wl,--no-as-needed -fuse-ld=lld -Wl,--start-group -lleancpp -lLean -Wl,--end-group -lStd -Wl,--start-group -lInit -lleanrt -Wl,--end-group -Wl,-Bstatic -lc++ -lc++abi -Wl,-Bdynamic -lLake -Wl,--as-needed -lgmp -luv -lpthread -ldl -lrt -Wl,--no-as-needed -Wl,--gc-sections -lm -ldl -pthread",
   "level": "trace"}],
 "inputs":
 [["linkObjs",
   [["/home/jtr/sidfinity/src/formal/.lake/build/ir/CommandoData.c.o.export",
     "f7413642b40b34c4"],
    ["/home/jtr/sidfinity/src/formal/.lake/build/ir/SID.c.o.export",
     "0bc021faaa99bea9"],
    ["/home/jtr/sidfinity/src/formal/.lake/build/ir/State.c.o.export",
     "3b90b75f124b494d"],
    ["/home/jtr/sidfinity/src/formal/.lake/build/ir/Effects.c.o.export",
     "0a19a203a790fb1d"],
    ["/home/jtr/sidfinity/src/formal/.lake/build/ir/Compile.c.o.export",
     "b56114184af9f7c6"]]],
  ["linkLibs", "00000000000006bb"],
  ["Lean 4.29.1, commit f72c35b3f637c8c6571d353742168ab66cc22c00",
   "fa77a35a41db35c0"],
  ["traceArgs: #[]", "00000000000006bb"],
  ["x86_64-unknown-linux-gnu", "53a0e8937c307c28"]],
 "depHash": "441511a3cee22c6d"}