{"synthetic": false,
 "schemaVersion": "2025-09-10",
 "outputs": "d129dfffa1ada72c",
 "log":
 [{"message":
   ".> /home/jtr/.elan/toolchains/leanprover--lean4---v4.29.1/bin/clang -o /home/jtr/sidfinity/src/formal/.lake/build/bin/verify6502 /home/jtr/sidfinity/src/formal/.lake/build/ir/VerifyMain.c.o.export /home/jtr/sidfinity/src/formal/.lake/build/ir/SID.c.o.export /home/jtr/sidfinity/src/formal/.lake/build/ir/CPU6502.c.o.export /home/jtr/sidfinity/src/formal/.lake/build/ir/Asm6502.c.o.export /home/jtr/sidfinity/src/formal/.lake/build/ir/PSIDFile.c.o.export /home/jtr/sidfinity/src/formal/.lake/build/ir/State.c.o.export /home/jtr/sidfinity/src/formal/.lake/build/ir/Effects.c.o.export /home/jtr/sidfinity/src/formal/.lake/build/ir/Compile.c.o.export /home/jtr/sidfinity/src/formal/.lake/build/ir/CommandoData.c.o.export /home/jtr/sidfinity/src/formal/.lake/build/ir/Codegen.c.o.export -L /home/jtr/.elan/toolchains/leanprover--lean4---v4.29.1/lib/lean --sysroot /home/jtr/.elan/toolchains/leanprover--lean4---v4.29.1 -L /home/jtr/.elan/toolchains/leanprover--lean4---v4.29.1/lib -L /home/jtr/.elan/toolchains/leanprover--lean4---v4.29.1/lib/glibc -lc -lc_nonshared -Wl,--as-needed -l:ld.so -Wl,--no-as-needed -lpthread_nonshared -Wl,--as-needed -Wl,-Bstatic -lgmp -lunwind -luv -Wl,-Bdynamic -Wl,--no-as-needed -fuse-ld=lld -Wl,--start-group -lleancpp -lLean -Wl,--end-group -lStd -Wl,--start-group -lInit -lleanrt -Wl,--end-group -Wl,-Bstatic -lc++ -lc++abi -Wl,-Bdynamic -lLake -Wl,--as-needed -lgmp -luv -lpthread -ldl -lrt -Wl,--no-as-needed -Wl,--gc-sections -lm -ldl -pthread",
   "level": "trace"}],
 "inputs":
 [["linkObjs",
   [["/home/jtr/sidfinity/src/formal/.lake/build/ir/VerifyMain.c.o.export",
     "d84bfabb09a60d93"],
    ["/home/jtr/sidfinity/src/formal/.lake/build/ir/SID.c.o.export",
     "0bc021faaa99bea9"],
    ["/home/jtr/sidfinity/src/formal/.lake/build/ir/CPU6502.c.o.export",
     "56bc08afce4b5b94"],
    ["/home/jtr/sidfinity/src/formal/.lake/build/ir/Asm6502.c.o.export",
     "c40690c1423ecd34"],
    ["/home/jtr/sidfinity/src/formal/.lake/build/ir/PSIDFile.c.o.export",
     "85bce656ff1b328f"],
    ["/home/jtr/sidfinity/src/formal/.lake/build/ir/State.c.o.export",
     "235037422b9359a7"],
    ["/home/jtr/sidfinity/src/formal/.lake/build/ir/Effects.c.o.export",
     "9b679bf712588189"],
    ["/home/jtr/sidfinity/src/formal/.lake/build/ir/Compile.c.o.export",
     "f418cb9646a231e1"],
    ["/home/jtr/sidfinity/src/formal/.lake/build/ir/CommandoData.c.o.export",
     "04ea42339d48de7c"],
    ["/home/jtr/sidfinity/src/formal/.lake/build/ir/Codegen.c.o.export",
     "c390b3944d5fcd41"]]],
  ["linkLibs", "00000000000006bb"],
  ["Lean 4.29.1, commit f72c35b3f637c8c6571d353742168ab66cc22c00",
   "fa77a35a41db35c0"],
  ["traceArgs: #[]", "00000000000006bb"],
  ["x86_64-unknown-linux-gnu", "53a0e8937c307c28"]],
 "depHash": "7f6c286b548f05fb"}